  Source.cpp
D:\Documents\POO\SmashBros 2\SmashBros 2\Source.cpp(278,22): warning C4129: 'P' : caractère de séquence d'échappement non reconnu
D:\Documents\POO\SmashBros 2\SmashBros 2\Source.cpp(286,44): warning C4244: 'argument' : conversion de 'int' en 'T', perte possible de données
          with
          [
              T=float
          ]
D:\Documents\POO\SmashBros 2\SmashBros 2\Source.cpp(286,35): warning C4244: 'argument' : conversion de 'int' en 'T', perte possible de données
          with
          [
              T=float
          ]
D:\Documents\POO\SmashBros 2\SmashBros 2\Source.cpp(287,47): warning C4244: 'argument' : conversion de 'int' en 'T', perte possible de données
          with
          [
              T=float
          ]
D:\Documents\POO\SmashBros 2\SmashBros 2\Source.cpp(287,34): warning C4244: 'argument' : conversion de 'int' en 'T', perte possible de données
          with
          [
              T=float
          ]
  SmashBros 2.vcxproj -> D:\Documents\POO\SmashBros 2\x64\Debug\SmashBros 2.exe
